0 info it worked if it ends with ok
1 verbose cli [ '/usr/local/bin/node',
1 verbose cli   '/usr/local/bin/npm',
1 verbose cli   'install',
1 verbose cli   '--save',
1 verbose cli   'pdf-fill-form' ]
2 info using npm@3.8.6
3 info using node@v6.0.0
4 silly loadCurrentTree Starting
5 silly install loadCurrentTree
6 silly install readLocalPackageData
7 silly fetchPackageMetaData pdf-fill-form
8 silly fetchNamedPackageData pdf-fill-form
9 silly mapToRegistry name pdf-fill-form
10 silly mapToRegistry using default registry
11 silly mapToRegistry registry https://registry.npmjs.org/
12 silly mapToRegistry data Result {
12 silly mapToRegistry   raw: 'pdf-fill-form',
12 silly mapToRegistry   scope: null,
12 silly mapToRegistry   name: 'pdf-fill-form',
12 silly mapToRegistry   rawSpec: '',
12 silly mapToRegistry   spec: 'latest',
12 silly mapToRegistry   type: 'tag' }
13 silly mapToRegistry uri https://registry.npmjs.org/pdf-fill-form
14 verbose request uri https://registry.npmjs.org/pdf-fill-form
15 verbose request no auth needed
16 info attempt registry request try #1 at 3:16:13 PM
17 verbose request id fb81b46beb2121de
18 verbose etag "8Y1Z9V5XE5N3YBU3G1RBQT4OA"
19 http request GET https://registry.npmjs.org/pdf-fill-form
20 http 304 https://registry.npmjs.org/pdf-fill-form
21 verbose headers { date: 'Tue, 10 May 2016 21:16:13 GMT',
21 verbose headers   via: '1.1 varnish',
21 verbose headers   'cache-control': 'max-age=300',
21 verbose headers   etag: '"8Y1Z9V5XE5N3YBU3G1RBQT4OA"',
21 verbose headers   age: '0',
21 verbose headers   connection: 'keep-alive',
21 verbose headers   'x-served-by': 'cache-ord1724-ORD',
21 verbose headers   'x-cache': 'MISS',
21 verbose headers   'x-cache-hits': '0',
21 verbose headers   'x-timer': 'S1462914973.702333,VS0,VE349',
21 verbose headers   vary: 'Accept-Encoding' }
22 silly get cb [ 304,
22 silly get   { date: 'Tue, 10 May 2016 21:16:13 GMT',
22 silly get     via: '1.1 varnish',
22 silly get     'cache-control': 'max-age=300',
22 silly get     etag: '"8Y1Z9V5XE5N3YBU3G1RBQT4OA"',
22 silly get     age: '0',
22 silly get     connection: 'keep-alive',
22 silly get     'x-served-by': 'cache-ord1724-ORD',
22 silly get     'x-cache': 'MISS',
22 silly get     'x-cache-hits': '0',
22 silly get     'x-timer': 'S1462914973.702333,VS0,VE349',
22 silly get     vary: 'Accept-Encoding' } ]
23 verbose etag https://registry.npmjs.org/pdf-fill-form from cache
24 verbose get saving pdf-fill-form to /Users/benvalentine/.npm/registry.npmjs.org/pdf-fill-form/.cache.json
25 verbose correctMkdir /Users/benvalentine/.npm correctMkdir not in flight; initializing
26 silly install normalizeTree
27 silly loadCurrentTree Finishing
28 silly loadIdealTree Starting
29 silly install loadIdealTree
30 silly cloneCurrentTree Starting
31 silly install cloneCurrentTreeToIdealTree
32 silly cloneCurrentTree Finishing
33 silly loadShrinkwrap Starting
34 silly install loadShrinkwrap
35 silly loadShrinkwrap Finishing
36 silly loadAllDepsIntoIdealTree Starting
37 silly install loadAllDepsIntoIdealTree
38 silly resolveWithNewModule pdf-fill-form@1.1.0 checking installable status
39 silly cache add args [ 'pdf-fill-form', null ]
40 verbose cache add spec pdf-fill-form
41 silly cache add parsed spec Result {
41 silly cache add   raw: 'pdf-fill-form',
41 silly cache add   scope: null,
41 silly cache add   name: 'pdf-fill-form',
41 silly cache add   rawSpec: '',
41 silly cache add   spec: 'latest',
41 silly cache add   type: 'tag' }
42 silly addNamed pdf-fill-form@latest
43 verbose addNamed "latest" is being treated as a dist-tag for pdf-fill-form
44 info addNameTag [ 'pdf-fill-form', 'latest' ]
45 silly mapToRegistry name pdf-fill-form
46 silly mapToRegistry using default registry
47 silly mapToRegistry registry https://registry.npmjs.org/
48 silly mapToRegistry data Result {
48 silly mapToRegistry   raw: 'pdf-fill-form',
48 silly mapToRegistry   scope: null,
48 silly mapToRegistry   name: 'pdf-fill-form',
48 silly mapToRegistry   rawSpec: '',
48 silly mapToRegistry   spec: 'latest',
48 silly mapToRegistry   type: 'tag' }
49 silly mapToRegistry uri https://registry.npmjs.org/pdf-fill-form
50 verbose addNameTag registry:https://registry.npmjs.org/pdf-fill-form not in flight; fetching
51 verbose get https://registry.npmjs.org/pdf-fill-form not expired, no request
52 silly addNameTag next cb for pdf-fill-form with tag latest
53 silly addNamed pdf-fill-form@1.1.0
54 verbose addNamed "1.1.0" is a plain semver version for pdf-fill-form
55 silly cache afterAdd pdf-fill-form@1.1.0
56 verbose afterAdd /Users/benvalentine/.npm/pdf-fill-form/1.1.0/package/package.json not in flight; writing
57 verbose correctMkdir /Users/benvalentine/.npm correctMkdir not in flight; initializing
58 verbose afterAdd /Users/benvalentine/.npm/pdf-fill-form/1.1.0/package/package.json written
59 silly fetchNamedPackageData nan
60 silly mapToRegistry name nan
61 silly mapToRegistry using default registry
62 silly mapToRegistry registry https://registry.npmjs.org/
63 silly mapToRegistry data Result {
63 silly mapToRegistry   raw: 'nan',
63 silly mapToRegistry   scope: null,
63 silly mapToRegistry   name: 'nan',
63 silly mapToRegistry   rawSpec: '',
63 silly mapToRegistry   spec: 'latest',
63 silly mapToRegistry   type: 'tag' }
64 silly mapToRegistry uri https://registry.npmjs.org/nan
65 verbose request uri https://registry.npmjs.org/nan
66 verbose request no auth needed
67 info attempt registry request try #1 at 3:16:14 PM
68 verbose etag "24B26O57Z0ASCDVIYEYKA8KVW"
69 http request GET https://registry.npmjs.org/nan
70 http 304 https://registry.npmjs.org/nan
71 verbose headers { date: 'Tue, 10 May 2016 21:16:14 GMT',
71 verbose headers   via: '1.1 varnish',
71 verbose headers   'cache-control': 'max-age=300',
71 verbose headers   etag: '"24B26O57Z0ASCDVIYEYKA8KVW"',
71 verbose headers   age: '82',
71 verbose headers   connection: 'keep-alive',
71 verbose headers   'x-served-by': 'cache-ord1724-ORD',
71 verbose headers   'x-cache': 'HIT',
71 verbose headers   'x-cache-hits': '3',
71 verbose headers   'x-timer': 'S1462914974.798874,VS0,VE0',
71 verbose headers   vary: 'Accept-Encoding' }
72 silly get cb [ 304,
72 silly get   { date: 'Tue, 10 May 2016 21:16:14 GMT',
72 silly get     via: '1.1 varnish',
72 silly get     'cache-control': 'max-age=300',
72 silly get     etag: '"24B26O57Z0ASCDVIYEYKA8KVW"',
72 silly get     age: '82',
72 silly get     connection: 'keep-alive',
72 silly get     'x-served-by': 'cache-ord1724-ORD',
72 silly get     'x-cache': 'HIT',
72 silly get     'x-cache-hits': '3',
72 silly get     'x-timer': 'S1462914974.798874,VS0,VE0',
72 silly get     vary: 'Accept-Encoding' } ]
73 verbose etag https://registry.npmjs.org/nan from cache
74 verbose get saving nan to /Users/benvalentine/.npm/registry.npmjs.org/nan/.cache.json
75 verbose correctMkdir /Users/benvalentine/.npm correctMkdir not in flight; initializing
76 silly resolveWithNewModule nan@1.7.0 checking installable status
77 silly cache add args [ 'nan@~1.7.0', null ]
78 verbose cache add spec nan@~1.7.0
79 silly cache add parsed spec Result {
79 silly cache add   raw: 'nan@~1.7.0',
79 silly cache add   scope: null,
79 silly cache add   name: 'nan',
79 silly cache add   rawSpec: '~1.7.0',
79 silly cache add   spec: '>=1.7.0 <1.8.0',
79 silly cache add   type: 'range' }
80 silly addNamed nan@>=1.7.0 <1.8.0
81 verbose addNamed ">=1.7.0 <1.8.0" is a valid semver range for nan
82 silly addNameRange { name: 'nan', range: '>=1.7.0 <1.8.0', hasData: false }
83 silly mapToRegistry name nan
84 silly mapToRegistry using default registry
85 silly mapToRegistry registry https://registry.npmjs.org/
86 silly mapToRegistry data Result {
86 silly mapToRegistry   raw: 'nan',
86 silly mapToRegistry   scope: null,
86 silly mapToRegistry   name: 'nan',
86 silly mapToRegistry   rawSpec: '',
86 silly mapToRegistry   spec: 'latest',
86 silly mapToRegistry   type: 'tag' }
87 silly mapToRegistry uri https://registry.npmjs.org/nan
88 verbose addNameRange registry:https://registry.npmjs.org/nan not in flight; fetching
89 verbose get https://registry.npmjs.org/nan not expired, no request
90 silly addNameRange number 2 { name: 'nan', range: '>=1.7.0 <1.8.0', hasData: true }
91 silly addNameRange versions [ 'nan',
91 silly addNameRange   [ '0.3.0-wip',
91 silly addNameRange     '0.3.0-wip2',
91 silly addNameRange     '0.3.0',
91 silly addNameRange     '0.3.1',
91 silly addNameRange     '0.3.2',
91 silly addNameRange     '0.4.0',
91 silly addNameRange     '0.4.1',
91 silly addNameRange     '0.4.2',
91 silly addNameRange     '0.4.3',
91 silly addNameRange     '0.4.4',
91 silly addNameRange     '0.5.0',
91 silly addNameRange     '0.5.1',
91 silly addNameRange     '0.5.2',
91 silly addNameRange     '0.6.0',
91 silly addNameRange     '0.7.0',
91 silly addNameRange     '0.7.1',
91 silly addNameRange     '0.8.0',
91 silly addNameRange     '1.0.0',
91 silly addNameRange     '1.1.0',
91 silly addNameRange     '1.1.1',
91 silly addNameRange     '1.1.2',
91 silly addNameRange     '1.2.0',
91 silly addNameRange     '1.3.0',
91 silly addNameRange     '1.4.0',
91 silly addNameRange     '1.4.1',
91 silly addNameRange     '1.5.0',
91 silly addNameRange     '1.4.2',
91 silly addNameRange     '1.4.3',
91 silly addNameRange     '1.5.1',
91 silly addNameRange     '1.5.2',
91 silly addNameRange     '1.6.0',
91 silly addNameRange     '1.5.3',
91 silly addNameRange     '1.6.1',
91 silly addNameRange     '1.6.2',
91 silly addNameRange     '1.7.0',
91 silly addNameRange     '1.8.0',
91 silly addNameRange     '1.8.1',
91 silly addNameRange     '1.8.2',
91 silly addNameRange     '1.8.3',
91 silly addNameRange     '1.8.4',
91 silly addNameRange     '1.9.0',
91 silly addNameRange     '2.0.0',
91 silly addNameRange     '2.0.1',
91 silly addNameRange     '2.0.2',
91 silly addNameRange     '2.0.3',
91 silly addNameRange     '2.0.4',
91 silly addNameRange     '2.0.5',
91 silly addNameRange     '2.0.6',
91 silly addNameRange     '2.0.7',
91 silly addNameRange     '2.0.8',
91 silly addNameRange     '2.0.9',
91 silly addNameRange     '2.1.0',
91 silly addNameRange     '2.2.0',
91 silly addNameRange     '2.2.1',
91 silly addNameRange     '2.3.0',
91 silly addNameRange     '2.3.1',
91 silly addNameRange     '2.3.2',
91 silly addNameRange     '2.3.3' ] ]
92 silly addNamed nan@1.7.0
93 verbose addNamed "1.7.0" is a plain semver version for nan
94 silly cache afterAdd nan@1.7.0
95 verbose afterAdd /Users/benvalentine/.npm/nan/1.7.0/package/package.json not in flight; writing
96 verbose correctMkdir /Users/benvalentine/.npm correctMkdir not in flight; initializing
97 verbose afterAdd /Users/benvalentine/.npm/nan/1.7.0/package/package.json written
98 silly loadAllDepsIntoIdealTree Finishing
99 silly idealTree:prePrune 1095@1.0.0
99 silly idealTree:prePrune ├── abbrev@1.0.7
99 silly idealTree:prePrune ├── accepts@1.2.13
99 silly idealTree:prePrune ├── ansi-regex@2.0.0
99 silly idealTree:prePrune ├── ansi-styles@2.2.1
99 silly idealTree:prePrune ├── ansi@0.3.1
99 silly idealTree:prePrune ├─┬ are-we-there-yet@1.1.2
99 silly idealTree:prePrune │ ├── isarray@1.0.0
99 silly idealTree:prePrune │ └── readable-stream@2.1.2
99 silly idealTree:prePrune ├── array-flatten@1.1.1
99 silly idealTree:prePrune ├── array-index@1.0.0
99 silly idealTree:prePrune ├── asn1@0.2.3
99 silly idealTree:prePrune ├── assert-plus@0.2.0
99 silly idealTree:prePrune ├── async@1.5.2
99 silly idealTree:prePrune ├── aws-sign2@0.6.0
99 silly idealTree:prePrune ├── aws4@1.4.1
99 silly idealTree:prePrune ├── balanced-match@0.4.1
99 silly idealTree:prePrune ├── base64-url@1.2.1
99 silly idealTree:prePrune ├── bcrypt-nodejs@0.0.3
99 silly idealTree:prePrune ├── bcryptjs@2.3.0
99 silly idealTree:prePrune ├─┬ bl@1.1.2
99 silly idealTree:prePrune │ ├── isarray@1.0.0
99 silly idealTree:prePrune │ └── readable-stream@2.0.6
99 silly idealTree:prePrune ├── block-stream@0.0.9
99 silly idealTree:prePrune ├── bluebird@2.10.2
99 silly idealTree:prePrune ├─┬ body-parser@1.15.1
99 silly idealTree:prePrune │ ├── http-errors@1.4.0
99 silly idealTree:prePrune │ └── qs@6.1.0
99 silly idealTree:prePrune ├── boom@2.10.1
99 silly idealTree:prePrune ├── brace-expansion@1.1.4
99 silly idealTree:prePrune ├── bson@0.4.23
99 silly idealTree:prePrune ├── bytes@2.3.0
99 silly idealTree:prePrune ├── caseless@0.11.0
99 silly idealTree:prePrune ├── chalk@1.1.3
99 silly idealTree:prePrune ├── combined-stream@1.0.5
99 silly idealTree:prePrune ├── commander@2.9.0
99 silly idealTree:prePrune ├── concat-map@0.0.1
99 silly idealTree:prePrune ├── content-disposition@0.5.1
99 silly idealTree:prePrune ├── content-type@1.0.1
99 silly idealTree:prePrune ├─┬ cookie-parser@1.4.1
99 silly idealTree:prePrune │ └── cookie@0.2.3
99 silly idealTree:prePrune ├── cookie-signature@1.0.6
99 silly idealTree:prePrune ├── cookie@0.1.5
99 silly idealTree:prePrune ├── core-util-is@1.0.2
99 silly idealTree:prePrune ├── crc@3.4.0
99 silly idealTree:prePrune ├── cryptiles@2.0.5
99 silly idealTree:prePrune ├── d@0.1.1
99 silly idealTree:prePrune ├─┬ dashdash@1.13.1
99 silly idealTree:prePrune │ └── assert-plus@1.0.0
99 silly idealTree:prePrune ├── debug@2.2.0
99 silly idealTree:prePrune ├── delayed-stream@1.0.0
99 silly idealTree:prePrune ├── delegates@1.0.0
99 silly idealTree:prePrune ├── depd@1.1.0
99 silly idealTree:prePrune ├── destroy@1.0.4
99 silly idealTree:prePrune ├── ecc-jsbn@0.1.1
99 silly idealTree:prePrune ├── ee-first@1.1.1
99 silly idealTree:prePrune ├── es5-ext@0.10.11
99 silly idealTree:prePrune ├── es6-iterator@2.0.0
99 silly idealTree:prePrune ├── es6-promise@3.0.2
99 silly idealTree:prePrune ├── es6-symbol@3.0.2
99 silly idealTree:prePrune ├── escape-html@1.0.3
99 silly idealTree:prePrune ├── escape-string-regexp@1.0.5
99 silly idealTree:prePrune ├── etag@1.7.0
99 silly idealTree:prePrune ├─┬ express-session@1.13.0
99 silly idealTree:prePrune │ └── cookie@0.2.3
99 silly idealTree:prePrune ├── express@4.13.4
99 silly idealTree:prePrune ├── extend@3.0.0
99 silly idealTree:prePrune ├── extsprintf@1.0.2
99 silly idealTree:prePrune ├── finalhandler@0.4.1
99 silly idealTree:prePrune ├── forever-agent@0.6.1
99 silly idealTree:prePrune ├── form-data@1.0.0-rc4
99 silly idealTree:prePrune ├── forwarded@0.1.0
99 silly idealTree:prePrune ├── fresh@0.3.0
99 silly idealTree:prePrune ├── fstream@1.0.8
99 silly idealTree:prePrune ├── gauge@1.2.7
99 silly idealTree:prePrune ├── generate-function@2.0.0
99 silly idealTree:prePrune ├── generate-object-property@1.2.0
99 silly idealTree:prePrune ├─┬ getpass@0.1.6
99 silly idealTree:prePrune │ └── assert-plus@1.0.0
99 silly idealTree:prePrune ├─┬ glob@4.5.3
99 silly idealTree:prePrune │ └── minimatch@2.0.10
99 silly idealTree:prePrune ├── graceful-fs@4.1.4
99 silly idealTree:prePrune ├── graceful-readlink@1.0.1
99 silly idealTree:prePrune ├── har-validator@2.0.6
99 silly idealTree:prePrune ├── has-ansi@2.0.0
99 silly idealTree:prePrune ├── has-unicode@2.0.0
99 silly idealTree:prePrune ├── hawk@3.1.3
99 silly idealTree:prePrune ├── hoek@2.16.3
99 silly idealTree:prePrune ├── hooks-fixed@1.1.0
99 silly idealTree:prePrune ├── http-errors@1.3.1
99 silly idealTree:prePrune ├── http-signature@1.1.1
99 silly idealTree:prePrune ├── iconv-lite@0.4.13
99 silly idealTree:prePrune ├── inflight@1.0.4
99 silly idealTree:prePrune ├── inherits@2.0.1
99 silly idealTree:prePrune ├── ipaddr.js@1.0.5
99 silly idealTree:prePrune ├── is-absolute@0.1.7
99 silly idealTree:prePrune ├── is-my-json-valid@2.13.1
99 silly idealTree:prePrune ├── is-property@1.0.2
99 silly idealTree:prePrune ├── is-relative@0.1.3
99 silly idealTree:prePrune ├── is-typedarray@1.0.0
99 silly idealTree:prePrune ├── isarray@0.0.1
99 silly idealTree:prePrune ├── isexe@1.1.2
99 silly idealTree:prePrune ├── isstream@0.1.2
99 silly idealTree:prePrune ├── jodid25519@1.0.2
99 silly idealTree:prePrune ├── jsbn@0.1.0
99 silly idealTree:prePrune ├── json-schema@0.2.2
99 silly idealTree:prePrune ├── json-stringify-safe@5.0.1
99 silly idealTree:prePrune ├── jsonpointer@2.0.0
99 silly idealTree:prePrune ├── jsprim@1.2.2
99 silly idealTree:prePrune ├── kareem@1.0.1
99 silly idealTree:prePrune ├── lodash._baseslice@4.0.0
99 silly idealTree:prePrune ├── lodash.pad@4.3.0
99 silly idealTree:prePrune ├── lodash.padend@4.4.0
99 silly idealTree:prePrune ├── lodash.padstart@4.4.0
99 silly idealTree:prePrune ├── lodash.tostring@4.1.2
99 silly idealTree:prePrune ├── lru-cache@2.7.3
99 silly idealTree:prePrune ├── media-typer@0.3.0
99 silly idealTree:prePrune ├── merge-descriptors@1.0.1
99 silly idealTree:prePrune ├── methods@1.1.2
99 silly idealTree:prePrune ├── mime-db@1.23.0
99 silly idealTree:prePrune ├── mime-types@2.1.11
99 silly idealTree:prePrune ├── mime@1.3.4
99 silly idealTree:prePrune ├── minimatch@1.0.0
99 silly idealTree:prePrune ├── minimist@0.0.8
99 silly idealTree:prePrune ├── mkdirp@0.5.1
99 silly idealTree:prePrune ├── mongodb-core@1.3.18
99 silly idealTree:prePrune ├── mongodb@2.1.18
99 silly idealTree:prePrune ├── mongoose@4.4.15
99 silly idealTree:prePrune ├── mpath@0.2.1
99 silly idealTree:prePrune ├── mpromise@0.5.5
99 silly idealTree:prePrune ├─┬ mquery@1.10.0
99 silly idealTree:prePrune │ └── sliced@0.0.5
99 silly idealTree:prePrune ├── ms@0.7.1
99 silly idealTree:prePrune ├── muri@1.1.0
99 silly idealTree:prePrune ├── nan@1.7.0
99 silly idealTree:prePrune ├── negotiator@0.5.3
99 silly idealTree:prePrune ├── node-gyp@3.3.1
99 silly idealTree:prePrune ├── node-uuid@1.4.7
99 silly idealTree:prePrune ├── nopt@3.0.6
99 silly idealTree:prePrune ├── npmlog@2.0.3
99 silly idealTree:prePrune ├── oauth-sign@0.8.2
99 silly idealTree:prePrune ├── on-finished@2.3.0
99 silly idealTree:prePrune ├── on-headers@1.0.1
99 silly idealTree:prePrune ├── once@1.3.3
99 silly idealTree:prePrune ├── optimist@0.3.7
99 silly idealTree:prePrune ├── os-homedir@1.0.1
99 silly idealTree:prePrune ├── os-tmpdir@1.0.1
99 silly idealTree:prePrune ├── osenv@0.1.3
99 silly idealTree:prePrune ├── parseurl@1.3.1
99 silly idealTree:prePrune ├── passport-local@1.0.0
99 silly idealTree:prePrune ├── passport-strategy@1.0.0
99 silly idealTree:prePrune ├── passport@0.3.2
99 silly idealTree:prePrune ├── path-array@1.0.1
99 silly idealTree:prePrune ├── path-is-absolute@1.0.0
99 silly idealTree:prePrune ├── path-to-regexp@0.1.7
99 silly idealTree:prePrune ├── pause@0.0.1
99 silly idealTree:prePrune ├── pdf-fill-form@1.1.0
99 silly idealTree:prePrune ├── pinkie-promise@2.0.1
99 silly idealTree:prePrune ├── pinkie@2.0.4
99 silly idealTree:prePrune ├── process-nextick-args@1.0.7
99 silly idealTree:prePrune ├── proxy-addr@1.0.10
99 silly idealTree:prePrune ├── qs@4.0.0
99 silly idealTree:prePrune ├── range-parser@1.0.3
99 silly idealTree:prePrune ├── raw-body@2.1.6
99 silly idealTree:prePrune ├── readable-stream@1.0.31
99 silly idealTree:prePrune ├── rebuild@0.1.2
99 silly idealTree:prePrune ├── regexp-clone@0.0.1
99 silly idealTree:prePrune ├─┬ request@2.72.0
99 silly idealTree:prePrune │ └── qs@6.1.0
99 silly idealTree:prePrune ├── require_optional@1.0.0
99 silly idealTree:prePrune ├── resolve-from@2.0.0
99 silly idealTree:prePrune ├─┬ rimraf@2.5.2
99 silly idealTree:prePrune │ ├── glob@7.0.3
99 silly idealTree:prePrune │ └── minimatch@3.0.0
99 silly idealTree:prePrune ├── semver@5.1.0
99 silly idealTree:prePrune ├── send@0.13.1
99 silly idealTree:prePrune ├── serve-static@1.10.2
99 silly idealTree:prePrune ├── sigmund@1.0.1
99 silly idealTree:prePrune ├── sliced@1.0.1
99 silly idealTree:prePrune ├── sntp@1.0.9
99 silly idealTree:prePrune ├─┬ sshpk@1.8.3
99 silly idealTree:prePrune │ └── assert-plus@1.0.0
99 silly idealTree:prePrune ├── statuses@1.2.1
99 silly idealTree:prePrune ├── string_decoder@0.10.31
99 silly idealTree:prePrune ├── stringstream@0.0.5
99 silly idealTree:prePrune ├── strip-ansi@3.0.1
99 silly idealTree:prePrune ├── supports-color@2.0.0
99 silly idealTree:prePrune ├── tar@2.2.1
99 silly idealTree:prePrune ├── tough-cookie@2.2.2
99 silly idealTree:prePrune ├── tunnel-agent@0.4.3
99 silly idealTree:prePrune ├── tweetnacl@0.13.3
99 silly idealTree:prePrune ├── type-is@1.6.12
99 silly idealTree:prePrune ├── uid-safe@2.0.0
99 silly idealTree:prePrune ├── unpipe@1.0.0
99 silly idealTree:prePrune ├── util-deprecate@1.0.2
99 silly idealTree:prePrune ├── utils-merge@1.0.0
99 silly idealTree:prePrune ├── vary@1.0.1
99 silly idealTree:prePrune ├── verror@1.3.6
99 silly idealTree:prePrune ├── which@1.2.8
99 silly idealTree:prePrune ├── wordwrap@0.0.3
99 silly idealTree:prePrune ├── wrappy@1.0.1
99 silly idealTree:prePrune └── xtend@4.0.1
100 silly loadIdealTree Finishing
101 silly currentTree 1095@1.0.0
101 silly currentTree ├── abbrev@1.0.7
101 silly currentTree ├── accepts@1.2.13
101 silly currentTree ├── ansi-regex@2.0.0
101 silly currentTree ├── ansi-styles@2.2.1
101 silly currentTree ├── ansi@0.3.1
101 silly currentTree ├─┬ are-we-there-yet@1.1.2
101 silly currentTree │ ├── isarray@1.0.0
101 silly currentTree │ └── readable-stream@2.1.2
101 silly currentTree ├── array-flatten@1.1.1
101 silly currentTree ├── array-index@1.0.0
101 silly currentTree ├── asn1@0.2.3
101 silly currentTree ├── assert-plus@0.2.0
101 silly currentTree ├── async@1.5.2
101 silly currentTree ├── aws-sign2@0.6.0
101 silly currentTree ├── aws4@1.4.1
101 silly currentTree ├── balanced-match@0.4.1
101 silly currentTree ├── base64-url@1.2.1
101 silly currentTree ├── bcrypt-nodejs@0.0.3
101 silly currentTree ├── bcryptjs@2.3.0
101 silly currentTree ├─┬ bl@1.1.2
101 silly currentTree │ ├── isarray@1.0.0
101 silly currentTree │ └── readable-stream@2.0.6
101 silly currentTree ├── block-stream@0.0.9
101 silly currentTree ├── bluebird@2.10.2
101 silly currentTree ├─┬ body-parser@1.15.1
101 silly currentTree │ ├── http-errors@1.4.0
101 silly currentTree │ └── qs@6.1.0
101 silly currentTree ├── boom@2.10.1
101 silly currentTree ├── brace-expansion@1.1.4
101 silly currentTree ├── bson@0.4.23
101 silly currentTree ├── bytes@2.3.0
101 silly currentTree ├── caseless@0.11.0
101 silly currentTree ├── chalk@1.1.3
101 silly currentTree ├── combined-stream@1.0.5
101 silly currentTree ├── commander@2.9.0
101 silly currentTree ├── concat-map@0.0.1
101 silly currentTree ├── content-disposition@0.5.1
101 silly currentTree ├── content-type@1.0.1
101 silly currentTree ├─┬ cookie-parser@1.4.1
101 silly currentTree │ └── cookie@0.2.3
101 silly currentTree ├── cookie-signature@1.0.6
101 silly currentTree ├── cookie@0.1.5
101 silly currentTree ├── core-util-is@1.0.2
101 silly currentTree ├── crc@3.4.0
101 silly currentTree ├── cryptiles@2.0.5
101 silly currentTree ├── d@0.1.1
101 silly currentTree ├─┬ dashdash@1.13.1
101 silly currentTree │ └── assert-plus@1.0.0
101 silly currentTree ├── debug@2.2.0
101 silly currentTree ├── delayed-stream@1.0.0
101 silly currentTree ├── delegates@1.0.0
101 silly currentTree ├── depd@1.1.0
101 silly currentTree ├── destroy@1.0.4
101 silly currentTree ├── ecc-jsbn@0.1.1
101 silly currentTree ├── ee-first@1.1.1
101 silly currentTree ├── es5-ext@0.10.11
101 silly currentTree ├── es6-iterator@2.0.0
101 silly currentTree ├── es6-promise@3.0.2
101 silly currentTree ├── es6-symbol@3.0.2
101 silly currentTree ├── escape-html@1.0.3
101 silly currentTree ├── escape-string-regexp@1.0.5
101 silly currentTree ├── etag@1.7.0
101 silly currentTree ├─┬ express-session@1.13.0
101 silly currentTree │ └── cookie@0.2.3
101 silly currentTree ├── express@4.13.4
101 silly currentTree ├── extend@3.0.0
101 silly currentTree ├── extsprintf@1.0.2
101 silly currentTree ├── finalhandler@0.4.1
101 silly currentTree ├── forever-agent@0.6.1
101 silly currentTree ├── form-data@1.0.0-rc4
101 silly currentTree ├── forwarded@0.1.0
101 silly currentTree ├── fresh@0.3.0
101 silly currentTree ├── fstream@1.0.8
101 silly currentTree ├── gauge@1.2.7
101 silly currentTree ├── generate-function@2.0.0
101 silly currentTree ├── generate-object-property@1.2.0
101 silly currentTree ├─┬ getpass@0.1.6
101 silly currentTree │ └── assert-plus@1.0.0
101 silly currentTree ├─┬ glob@4.5.3
101 silly currentTree │ └── minimatch@2.0.10
101 silly currentTree ├── graceful-fs@4.1.4
101 silly currentTree ├── graceful-readlink@1.0.1
101 silly currentTree ├── har-validator@2.0.6
101 silly currentTree ├── has-ansi@2.0.0
101 silly currentTree ├── has-unicode@2.0.0
101 silly currentTree ├── hawk@3.1.3
101 silly currentTree ├── hoek@2.16.3
101 silly currentTree ├── hooks-fixed@1.1.0
101 silly currentTree ├── http-errors@1.3.1
101 silly currentTree ├── http-signature@1.1.1
101 silly currentTree ├── iconv-lite@0.4.13
101 silly currentTree ├── inflight@1.0.4
101 silly currentTree ├── inherits@2.0.1
101 silly currentTree ├── ipaddr.js@1.0.5
101 silly currentTree ├── is-absolute@0.1.7
101 silly currentTree ├── is-my-json-valid@2.13.1
101 silly currentTree ├── is-property@1.0.2
101 silly currentTree ├── is-relative@0.1.3
101 silly currentTree ├── is-typedarray@1.0.0
101 silly currentTree ├── isarray@0.0.1
101 silly currentTree ├── isexe@1.1.2
101 silly currentTree ├── isstream@0.1.2
101 silly currentTree ├── jodid25519@1.0.2
101 silly currentTree ├── jsbn@0.1.0
101 silly currentTree ├── json-schema@0.2.2
101 silly currentTree ├── json-stringify-safe@5.0.1
101 silly currentTree ├── jsonpointer@2.0.0
101 silly currentTree ├── jsprim@1.2.2
101 silly currentTree ├── kareem@1.0.1
101 silly currentTree ├── lodash._baseslice@4.0.0
101 silly currentTree ├── lodash.pad@4.3.0
101 silly currentTree ├── lodash.padend@4.4.0
101 silly currentTree ├── lodash.padstart@4.4.0
101 silly currentTree ├── lodash.tostring@4.1.2
101 silly currentTree ├── lru-cache@2.7.3
101 silly currentTree ├── media-typer@0.3.0
101 silly currentTree ├── merge-descriptors@1.0.1
101 silly currentTree ├── methods@1.1.2
101 silly currentTree ├── mime-db@1.23.0
101 silly currentTree ├── mime-types@2.1.11
101 silly currentTree ├── mime@1.3.4
101 silly currentTree ├── minimatch@1.0.0
101 silly currentTree ├── minimist@0.0.8
101 silly currentTree ├── mkdirp@0.5.1
101 silly currentTree ├── mongodb-core@1.3.18
101 silly currentTree ├── mongodb@2.1.18
101 silly currentTree ├── mongoose@4.4.15
101 silly currentTree ├── mpath@0.2.1
101 silly currentTree ├── mpromise@0.5.5
101 silly currentTree ├─┬ mquery@1.10.0
101 silly currentTree │ └── sliced@0.0.5
101 silly currentTree ├── ms@0.7.1
101 silly currentTree ├── muri@1.1.0
101 silly currentTree ├── negotiator@0.5.3
101 silly currentTree ├── node-gyp@3.3.1
101 silly currentTree ├── node-uuid@1.4.7
101 silly currentTree ├── nopt@3.0.6
101 silly currentTree ├── npmlog@2.0.3
101 silly currentTree ├── oauth-sign@0.8.2
101 silly currentTree ├── on-finished@2.3.0
101 silly currentTree ├── on-headers@1.0.1
101 silly currentTree ├── once@1.3.3
101 silly currentTree ├── optimist@0.3.7
101 silly currentTree ├── os-homedir@1.0.1
101 silly currentTree ├── os-tmpdir@1.0.1
101 silly currentTree ├── osenv@0.1.3
101 silly currentTree ├── parseurl@1.3.1
101 silly currentTree ├── passport-local@1.0.0
101 silly currentTree ├── passport-strategy@1.0.0
101 silly currentTree ├── passport@0.3.2
101 silly currentTree ├── path-array@1.0.1
101 silly currentTree ├── path-is-absolute@1.0.0
101 silly currentTree ├── path-to-regexp@0.1.7
101 silly currentTree ├── pause@0.0.1
101 silly currentTree ├── pinkie-promise@2.0.1
101 silly currentTree ├── pinkie@2.0.4
101 silly currentTree ├── process-nextick-args@1.0.7
101 silly currentTree ├── proxy-addr@1.0.10
101 silly currentTree ├── qs@4.0.0
101 silly currentTree ├── range-parser@1.0.3
101 silly currentTree ├── raw-body@2.1.6
101 silly currentTree ├── readable-stream@1.0.31
101 silly currentTree ├── rebuild@0.1.2
101 silly currentTree ├── regexp-clone@0.0.1
101 silly currentTree ├─┬ request@2.72.0
101 silly currentTree │ └── qs@6.1.0
101 silly currentTree ├── require_optional@1.0.0
101 silly currentTree ├── resolve-from@2.0.0
101 silly currentTree ├─┬ rimraf@2.5.2
101 silly currentTree │ ├── glob@7.0.3
101 silly currentTree │ └── minimatch@3.0.0
101 silly currentTree ├── semver@5.1.0
101 silly currentTree ├── send@0.13.1
101 silly currentTree ├── serve-static@1.10.2
101 silly currentTree ├── sigmund@1.0.1
101 silly currentTree ├── sliced@1.0.1
101 silly currentTree ├── sntp@1.0.9
101 silly currentTree ├─┬ sshpk@1.8.3
101 silly currentTree │ └── assert-plus@1.0.0
101 silly currentTree ├── statuses@1.2.1
101 silly currentTree ├── string_decoder@0.10.31
101 silly currentTree ├── stringstream@0.0.5
101 silly currentTree ├── strip-ansi@3.0.1
101 silly currentTree ├── supports-color@2.0.0
101 silly currentTree ├── tar@2.2.1
101 silly currentTree ├── tough-cookie@2.2.2
101 silly currentTree ├── tunnel-agent@0.4.3
101 silly currentTree ├── tweetnacl@0.13.3
101 silly currentTree ├── type-is@1.6.12
101 silly currentTree ├── uid-safe@2.0.0
101 silly currentTree ├── unpipe@1.0.0
101 silly currentTree ├── util-deprecate@1.0.2
101 silly currentTree ├── utils-merge@1.0.0
101 silly currentTree ├── vary@1.0.1
101 silly currentTree ├── verror@1.3.6
101 silly currentTree ├── which@1.2.8
101 silly currentTree ├── wordwrap@0.0.3
101 silly currentTree ├── wrappy@1.0.1
101 silly currentTree └── xtend@4.0.1
102 silly idealTree 1095@1.0.0
102 silly idealTree ├── abbrev@1.0.7
102 silly idealTree ├── accepts@1.2.13
102 silly idealTree ├── ansi-regex@2.0.0
102 silly idealTree ├── ansi-styles@2.2.1
102 silly idealTree ├── ansi@0.3.1
102 silly idealTree ├─┬ are-we-there-yet@1.1.2
102 silly idealTree │ ├── isarray@1.0.0
102 silly idealTree │ └── readable-stream@2.1.2
102 silly idealTree ├── array-flatten@1.1.1
102 silly idealTree ├── array-index@1.0.0
102 silly idealTree ├── asn1@0.2.3
102 silly idealTree ├── assert-plus@0.2.0
102 silly idealTree ├── async@1.5.2
102 silly idealTree ├── aws-sign2@0.6.0
102 silly idealTree ├── aws4@1.4.1
102 silly idealTree ├── balanced-match@0.4.1
102 silly idealTree ├── base64-url@1.2.1
102 silly idealTree ├── bcrypt-nodejs@0.0.3
102 silly idealTree ├── bcryptjs@2.3.0
102 silly idealTree ├─┬ bl@1.1.2
102 silly idealTree │ ├── isarray@1.0.0
102 silly idealTree │ └── readable-stream@2.0.6
102 silly idealTree ├── block-stream@0.0.9
102 silly idealTree ├── bluebird@2.10.2
102 silly idealTree ├─┬ body-parser@1.15.1
102 silly idealTree │ ├── http-errors@1.4.0
102 silly idealTree │ └── qs@6.1.0
102 silly idealTree ├── boom@2.10.1
102 silly idealTree ├── brace-expansion@1.1.4
102 silly idealTree ├── bson@0.4.23
102 silly idealTree ├── bytes@2.3.0
102 silly idealTree ├── caseless@0.11.0
102 silly idealTree ├── chalk@1.1.3
102 silly idealTree ├── combined-stream@1.0.5
102 silly idealTree ├── commander@2.9.0
102 silly idealTree ├── concat-map@0.0.1
102 silly idealTree ├── content-disposition@0.5.1
102 silly idealTree ├── content-type@1.0.1
102 silly idealTree ├─┬ cookie-parser@1.4.1
102 silly idealTree │ └── cookie@0.2.3
102 silly idealTree ├── cookie-signature@1.0.6
102 silly idealTree ├── cookie@0.1.5
102 silly idealTree ├── core-util-is@1.0.2
102 silly idealTree ├── crc@3.4.0
102 silly idealTree ├── cryptiles@2.0.5
102 silly idealTree ├── d@0.1.1
102 silly idealTree ├─┬ dashdash@1.13.1
102 silly idealTree │ └── assert-plus@1.0.0
102 silly idealTree ├── debug@2.2.0
102 silly idealTree ├── delayed-stream@1.0.0
102 silly idealTree ├── delegates@1.0.0
102 silly idealTree ├── depd@1.1.0
102 silly idealTree ├── destroy@1.0.4
102 silly idealTree ├── ecc-jsbn@0.1.1
102 silly idealTree ├── ee-first@1.1.1
102 silly idealTree ├── es5-ext@0.10.11
102 silly idealTree ├── es6-iterator@2.0.0
102 silly idealTree ├── es6-promise@3.0.2
102 silly idealTree ├── es6-symbol@3.0.2
102 silly idealTree ├── escape-html@1.0.3
102 silly idealTree ├── escape-string-regexp@1.0.5
102 silly idealTree ├── etag@1.7.0
102 silly idealTree ├─┬ express-session@1.13.0
102 silly idealTree │ └── cookie@0.2.3
102 silly idealTree ├── express@4.13.4
102 silly idealTree ├── extend@3.0.0
102 silly idealTree ├── extsprintf@1.0.2
102 silly idealTree ├── finalhandler@0.4.1
102 silly idealTree ├── forever-agent@0.6.1
102 silly idealTree ├── form-data@1.0.0-rc4
102 silly idealTree ├── forwarded@0.1.0
102 silly idealTree ├── fresh@0.3.0
102 silly idealTree ├── fstream@1.0.8
102 silly idealTree ├── gauge@1.2.7
102 silly idealTree ├── generate-function@2.0.0
102 silly idealTree ├── generate-object-property@1.2.0
102 silly idealTree ├─┬ getpass@0.1.6
102 silly idealTree │ └── assert-plus@1.0.0
102 silly idealTree ├─┬ glob@4.5.3
102 silly idealTree │ └── minimatch@2.0.10
102 silly idealTree ├── graceful-fs@4.1.4
102 silly idealTree ├── graceful-readlink@1.0.1
102 silly idealTree ├── har-validator@2.0.6
102 silly idealTree ├── has-ansi@2.0.0
102 silly idealTree ├── has-unicode@2.0.0
102 silly idealTree ├── hawk@3.1.3
102 silly idealTree ├── hoek@2.16.3
102 silly idealTree ├── hooks-fixed@1.1.0
102 silly idealTree ├── http-errors@1.3.1
102 silly idealTree ├── http-signature@1.1.1
102 silly idealTree ├── iconv-lite@0.4.13
102 silly idealTree ├── inflight@1.0.4
102 silly idealTree ├── inherits@2.0.1
102 silly idealTree ├── ipaddr.js@1.0.5
102 silly idealTree ├── is-absolute@0.1.7
102 silly idealTree ├── is-my-json-valid@2.13.1
102 silly idealTree ├── is-property@1.0.2
102 silly idealTree ├── is-relative@0.1.3
102 silly idealTree ├── is-typedarray@1.0.0
102 silly idealTree ├── isarray@0.0.1
102 silly idealTree ├── isexe@1.1.2
102 silly idealTree ├── isstream@0.1.2
102 silly idealTree ├── jodid25519@1.0.2
102 silly idealTree ├── jsbn@0.1.0
102 silly idealTree ├── json-schema@0.2.2
102 silly idealTree ├── json-stringify-safe@5.0.1
102 silly idealTree ├── jsonpointer@2.0.0
102 silly idealTree ├── jsprim@1.2.2
102 silly idealTree ├── kareem@1.0.1
102 silly idealTree ├── lodash._baseslice@4.0.0
102 silly idealTree ├── lodash.pad@4.3.0
102 silly idealTree ├── lodash.padend@4.4.0
102 silly idealTree ├── lodash.padstart@4.4.0
102 silly idealTree ├── lodash.tostring@4.1.2
102 silly idealTree ├── lru-cache@2.7.3
102 silly idealTree ├── media-typer@0.3.0
102 silly idealTree ├── merge-descriptors@1.0.1
102 silly idealTree ├── methods@1.1.2
102 silly idealTree ├── mime-db@1.23.0
102 silly idealTree ├── mime-types@2.1.11
102 silly idealTree ├── mime@1.3.4
102 silly idealTree ├── minimatch@1.0.0
102 silly idealTree ├── minimist@0.0.8
102 silly idealTree ├── mkdirp@0.5.1
102 silly idealTree ├── mongodb-core@1.3.18
102 silly idealTree ├── mongodb@2.1.18
102 silly idealTree ├── mongoose@4.4.15
102 silly idealTree ├── mpath@0.2.1
102 silly idealTree ├── mpromise@0.5.5
102 silly idealTree ├─┬ mquery@1.10.0
102 silly idealTree │ └── sliced@0.0.5
102 silly idealTree ├── ms@0.7.1
102 silly idealTree ├── muri@1.1.0
102 silly idealTree ├── nan@1.7.0
102 silly idealTree ├── negotiator@0.5.3
102 silly idealTree ├── node-gyp@3.3.1
102 silly idealTree ├── node-uuid@1.4.7
102 silly idealTree ├── nopt@3.0.6
102 silly idealTree ├── npmlog@2.0.3
102 silly idealTree ├── oauth-sign@0.8.2
102 silly idealTree ├── on-finished@2.3.0
102 silly idealTree ├── on-headers@1.0.1
102 silly idealTree ├── once@1.3.3
102 silly idealTree ├── optimist@0.3.7
102 silly idealTree ├── os-homedir@1.0.1
102 silly idealTree ├── os-tmpdir@1.0.1
102 silly idealTree ├── osenv@0.1.3
102 silly idealTree ├── parseurl@1.3.1
102 silly idealTree ├── passport-local@1.0.0
102 silly idealTree ├── passport-strategy@1.0.0
102 silly idealTree ├── passport@0.3.2
102 silly idealTree ├── path-array@1.0.1
102 silly idealTree ├── path-is-absolute@1.0.0
102 silly idealTree ├── path-to-regexp@0.1.7
102 silly idealTree ├── pause@0.0.1
102 silly idealTree ├── pdf-fill-form@1.1.0
102 silly idealTree ├── pinkie-promise@2.0.1
102 silly idealTree ├── pinkie@2.0.4
102 silly idealTree ├── process-nextick-args@1.0.7
102 silly idealTree ├── proxy-addr@1.0.10
102 silly idealTree ├── qs@4.0.0
102 silly idealTree ├── range-parser@1.0.3
102 silly idealTree ├── raw-body@2.1.6
102 silly idealTree ├── readable-stream@1.0.31
102 silly idealTree ├── rebuild@0.1.2
102 silly idealTree ├── regexp-clone@0.0.1
102 silly idealTree ├─┬ request@2.72.0
102 silly idealTree │ └── qs@6.1.0
102 silly idealTree ├── require_optional@1.0.0
102 silly idealTree ├── resolve-from@2.0.0
102 silly idealTree ├─┬ rimraf@2.5.2
102 silly idealTree │ ├── glob@7.0.3
102 silly idealTree │ └── minimatch@3.0.0
102 silly idealTree ├── semver@5.1.0
102 silly idealTree ├── send@0.13.1
102 silly idealTree ├── serve-static@1.10.2
102 silly idealTree ├── sigmund@1.0.1
102 silly idealTree ├── sliced@1.0.1
102 silly idealTree ├── sntp@1.0.9
102 silly idealTree ├─┬ sshpk@1.8.3
102 silly idealTree │ └── assert-plus@1.0.0
102 silly idealTree ├── statuses@1.2.1
102 silly idealTree ├── string_decoder@0.10.31
102 silly idealTree ├── stringstream@0.0.5
102 silly idealTree ├── strip-ansi@3.0.1
102 silly idealTree ├── supports-color@2.0.0
102 silly idealTree ├── tar@2.2.1
102 silly idealTree ├── tough-cookie@2.2.2
102 silly idealTree ├── tunnel-agent@0.4.3
102 silly idealTree ├── tweetnacl@0.13.3
102 silly idealTree ├── type-is@1.6.12
102 silly idealTree ├── uid-safe@2.0.0
102 silly idealTree ├── unpipe@1.0.0
102 silly idealTree ├── util-deprecate@1.0.2
102 silly idealTree ├── utils-merge@1.0.0
102 silly idealTree ├── vary@1.0.1
102 silly idealTree ├── verror@1.3.6
102 silly idealTree ├── which@1.2.8
102 silly idealTree ├── wordwrap@0.0.3
102 silly idealTree ├── wrappy@1.0.1
102 silly idealTree └── xtend@4.0.1
103 silly generateActionsToTake Starting
104 silly install generateActionsToTake
105 silly generateActionsToTake Finishing
106 silly diffTrees action count 2
107 silly diffTrees add nan@1.7.0
108 silly diffTrees add pdf-fill-form@1.1.0
109 silly decomposeActions action count 16
110 silly decomposeActions fetch nan@1.7.0
111 silly decomposeActions extract nan@1.7.0
112 silly decomposeActions test nan@1.7.0
113 silly decomposeActions preinstall nan@1.7.0
114 silly decomposeActions build nan@1.7.0
115 silly decomposeActions install nan@1.7.0
116 silly decomposeActions postinstall nan@1.7.0
117 silly decomposeActions finalize nan@1.7.0
118 silly decomposeActions fetch pdf-fill-form@1.1.0
119 silly decomposeActions extract pdf-fill-form@1.1.0
120 silly decomposeActions test pdf-fill-form@1.1.0
121 silly decomposeActions preinstall pdf-fill-form@1.1.0
122 silly decomposeActions build pdf-fill-form@1.1.0
123 silly decomposeActions install pdf-fill-form@1.1.0
124 silly decomposeActions postinstall pdf-fill-form@1.1.0
125 silly decomposeActions finalize pdf-fill-form@1.1.0
126 silly executeActions Starting
127 silly install executeActions
128 silly doSerial global-install 0
129 silly doParallel fetch 2
130 verbose correctMkdir /Users/benvalentine/.npm/_locks correctMkdir not in flight; initializing
131 verbose lock using /Users/benvalentine/.npm/_locks/staging-04c18a39e3bba4d8.lock for /Users/benvalentine/dev/1095/node_modules/.staging
132 silly doParallel extract 2
133 silly extract nan@1.7.0
134 silly extract pdf-fill-form@1.1.0
135 verbose unbuild node_modules/.staging/nan-203f24ec
136 verbose unbuild node_modules/.staging/pdf-fill-form-197d50fc
137 silly gentlyRm /Users/benvalentine/dev/1095/node_modules/.staging/nan-203f24ec is being purged from base /Users/benvalentine/dev/1095
138 verbose gentlyRm don't care about contents; nuking /Users/benvalentine/dev/1095/node_modules/.staging/nan-203f24ec
139 silly gentlyRm /Users/benvalentine/dev/1095/node_modules/.staging/pdf-fill-form-197d50fc is being purged from base /Users/benvalentine/dev/1095
140 verbose gentlyRm don't care about contents; nuking /Users/benvalentine/dev/1095/node_modules/.staging/pdf-fill-form-197d50fc
141 verbose tar unpack /Users/benvalentine/.npm/nan/1.7.0/package.tgz
142 verbose tar unpacking to /Users/benvalentine/dev/1095/node_modules/.staging/nan-203f24ec
143 silly gentlyRm /Users/benvalentine/dev/1095/node_modules/.staging/nan-203f24ec is being purged
144 verbose gentlyRm don't care about contents; nuking /Users/benvalentine/dev/1095/node_modules/.staging/nan-203f24ec
145 verbose tar unpack /Users/benvalentine/.npm/pdf-fill-form/1.1.0/package.tgz
146 verbose tar unpacking to /Users/benvalentine/dev/1095/node_modules/.staging/pdf-fill-form-197d50fc
147 silly gentlyRm /Users/benvalentine/dev/1095/node_modules/.staging/pdf-fill-form-197d50fc is being purged
148 verbose gentlyRm don't care about contents; nuking /Users/benvalentine/dev/1095/node_modules/.staging/pdf-fill-form-197d50fc
149 silly gunzTarPerm modes [ '755', '644' ]
150 silly gunzTarPerm modes [ '755', '644' ]
151 silly gunzTarPerm extractEntry package.json
152 silly gunzTarPerm modified mode [ 'package.json', 436, 420 ]
153 silly gunzTarPerm extractEntry package.json
154 silly gunzTarPerm extractEntry include_dirs.js
155 silly gunzTarPerm modified mode [ 'include_dirs.js', 436, 420 ]
156 silly gunzTarPerm extractEntry LICENSE.md
157 silly gunzTarPerm modified mode [ 'LICENSE.md', 436, 420 ]
158 silly gunzTarPerm extractEntry .npmignore
159 silly gunzTarPerm extractEntry README.md
160 silly gunzTarPerm extractEntry .dntrc
161 silly gunzTarPerm modified mode [ '.dntrc', 436, 420 ]
162 silly gunzTarPerm extractEntry appveyor.yml
163 silly gunzTarPerm modified mode [ 'appveyor.yml', 436, 420 ]
164 silly gunzTarPerm extractEntry LICENSE
165 silly gunzTarPerm extractEntry example.js
166 silly gunzTarPerm extractEntry binding.gyp
167 silly gunzTarPerm extractEntry lib/pdf-fill-form.js
168 silly gunzTarPerm extractEntry nan.h
169 silly gunzTarPerm modified mode [ 'nan.h', 436, 420 ]
170 silly gunzTarPerm extractEntry nan_implementation_12_inl.h
171 silly gunzTarPerm modified mode [ 'nan_implementation_12_inl.h', 436, 420 ]
172 silly gunzTarPerm extractEntry nan_implementation_pre_12_inl.h
173 silly gunzTarPerm modified mode [ 'nan_implementation_pre_12_inl.h', 436, 420 ]
174 silly gunzTarPerm extractEntry nan_new.h
175 silly gunzTarPerm modified mode [ 'nan_new.h', 436, 420 ]
176 silly gunzTarPerm extractEntry nan_string_bytes.h
177 silly gunzTarPerm modified mode [ 'nan_string_bytes.h', 436, 420 ]
178 silly gunzTarPerm extractEntry CHANGELOG.md
179 silly gunzTarPerm modified mode [ 'CHANGELOG.md', 436, 420 ]
180 silly gunzTarPerm extractEntry src/NodePoppler.cc
181 silly gunzTarPerm extractEntry src/NodePoppler.h
182 silly gunzTarPerm extractEntry src/NodePopplerAsync.cc
183 silly gunzTarPerm extractEntry src/NodePopplerAsync.h
184 silly gunzTarPerm extractEntry src/pdf-fill-form.cc
185 silly gentlyRm /Users/benvalentine/dev/1095/node_modules/.staging/nan-203f24ec/node_modules is being purged
186 verbose gentlyRm don't care about contents; nuking /Users/benvalentine/dev/1095/node_modules/.staging/nan-203f24ec/node_modules
187 silly gentlyRm /Users/benvalentine/dev/1095/node_modules/.staging/pdf-fill-form-197d50fc/node_modules is being purged
188 verbose gentlyRm don't care about contents; nuking /Users/benvalentine/dev/1095/node_modules/.staging/pdf-fill-form-197d50fc/node_modules
189 silly doParallel preinstall 2
190 silly preinstall nan@1.7.0 /Users/benvalentine/dev/1095/node_modules/.staging/nan-203f24ec
191 info lifecycle nan@1.7.0~preinstall: nan@1.7.0
192 silly preinstall pdf-fill-form@1.1.0 /Users/benvalentine/dev/1095/node_modules/.staging/pdf-fill-form-197d50fc
193 info lifecycle pdf-fill-form@1.1.0~preinstall: pdf-fill-form@1.1.0
194 silly lifecycle nan@1.7.0~preinstall: no script for preinstall, continuing
195 silly lifecycle pdf-fill-form@1.1.0~preinstall: no script for preinstall, continuing
196 silly doReverseSerial remove 0
197 silly doSerial move 0
198 silly doSerial finalize 2
199 silly finalize /Users/benvalentine/dev/1095/node_modules/nan
200 silly finalize /Users/benvalentine/dev/1095/node_modules/pdf-fill-form
201 silly doSerial build 2
202 silly build nan@1.7.0
203 info linkStuff nan@1.7.0
204 silly linkStuff nan@1.7.0 has /Users/benvalentine/dev/1095/node_modules as its parent node_modules
205 verbose linkBins nan@1.7.0
206 verbose linkMans nan@1.7.0
207 silly build pdf-fill-form@1.1.0
208 info linkStuff pdf-fill-form@1.1.0
209 silly linkStuff pdf-fill-form@1.1.0 has /Users/benvalentine/dev/1095/node_modules as its parent node_modules
210 verbose linkBins pdf-fill-form@1.1.0
211 verbose linkMans pdf-fill-form@1.1.0
212 silly doSerial global-link 0
213 silly doParallel update-linked 0
214 silly doSerial install 2
215 silly install nan@1.7.0 /Users/benvalentine/dev/1095/node_modules/.staging/nan-203f24ec
216 info lifecycle nan@1.7.0~install: nan@1.7.0
217 silly lifecycle nan@1.7.0~install: no script for install, continuing
218 silly install pdf-fill-form@1.1.0 /Users/benvalentine/dev/1095/node_modules/.staging/pdf-fill-form-197d50fc
219 info lifecycle pdf-fill-form@1.1.0~install: pdf-fill-form@1.1.0
220 verbose lifecycle pdf-fill-form@1.1.0~install: unsafe-perm in lifecycle true
221 verbose lifecycle pdf-fill-form@1.1.0~install: PATH: /usr/local/lib/node_modules/npm/bin/node-gyp-bin:/Users/benvalentine/dev/1095/node_modules/pdf-fill-form/node_modules/.bin:/Users/benvalentine/dev/1095/node_modules/.bin:/usr/local/bin:/usr/local/bin:/usr/bin:/bin:/usr/sbin:/sbin
222 verbose lifecycle pdf-fill-form@1.1.0~install: CWD: /Users/benvalentine/dev/1095/node_modules/pdf-fill-form
223 silly lifecycle pdf-fill-form@1.1.0~install: Args: [ '-c', 'node-gyp rebuild' ]
224 silly lifecycle pdf-fill-form@1.1.0~install: Returned: code: 1  signal: null
225 info lifecycle pdf-fill-form@1.1.0~install: Failed to exec install script
226 verbose unlock done using /Users/benvalentine/.npm/_locks/staging-04c18a39e3bba4d8.lock for /Users/benvalentine/dev/1095/node_modules/.staging
227 silly rollbackFailedOptional Starting
228 silly rollbackFailedOptional Finishing
229 silly runTopLevelLifecycles Starting
230 silly runTopLevelLifecycles Finishing
231 silly install printInstalled
232 warn 1095@1.0.0 No description
233 warn 1095@1.0.0 No repository field.
234 verbose stack Error: pdf-fill-form@1.1.0 install: `node-gyp rebuild`
234 verbose stack Exit status 1
234 verbose stack     at EventEmitter.<anonymous> (/usr/local/lib/node_modules/npm/lib/utils/lifecycle.js:239:16)
234 verbose stack     at emitTwo (events.js:106:13)
234 verbose stack     at EventEmitter.emit (events.js:191:7)
234 verbose stack     at ChildProcess.<anonymous> (/usr/local/lib/node_modules/npm/lib/utils/spawn.js:24:14)
234 verbose stack     at emitTwo (events.js:106:13)
234 verbose stack     at ChildProcess.emit (events.js:191:7)
234 verbose stack     at maybeClose (internal/child_process.js:850:16)
234 verbose stack     at Process.ChildProcess._handle.onexit (internal/child_process.js:215:5)
235 verbose pkgid pdf-fill-form@1.1.0
236 verbose cwd /Users/benvalentine/dev/1095
237 error Darwin 15.4.0
238 error argv "/usr/local/bin/node" "/usr/local/bin/npm" "install" "--save" "pdf-fill-form"
239 error node v6.0.0
240 error npm  v3.8.6
241 error code ELIFECYCLE
242 error pdf-fill-form@1.1.0 install: `node-gyp rebuild`
242 error Exit status 1
243 error Failed at the pdf-fill-form@1.1.0 install script 'node-gyp rebuild'.
243 error Make sure you have the latest version of node.js and npm installed.
243 error If you do, this is most likely a problem with the pdf-fill-form package,
243 error not with npm itself.
243 error Tell the author that this fails on your system:
243 error     node-gyp rebuild
243 error You can get information on how to open an issue for this project with:
243 error     npm bugs pdf-fill-form
243 error Or if that isn't available, you can get their info via:
243 error     npm owner ls pdf-fill-form
243 error There is likely additional logging output above.
244 verbose exit [ 1, true ]
